<?xml version="1.0" encoding="UTF-8"?>
<!-- Generated by org.testng.reporters.JUnitXMLReporter -->
<testsuite ignored="0" hostname="LTIN648043" failures="1" tests="3" name="Test" time="56.762" errors="0" timestamp="2025-11-16T17:20:08 IST">
  <testcase classname="testCases.TC001_HomePageTest" name="testIdentifyCourses" time="8.889"/>
  <testcase classname="testCases.TC001_HomePageTest" name="testLanguageLearningDropdown" time="7.298">
    <failure type="java.lang.AssertionError" message="Test failed due to exception: stale element reference: stale element not found
  (Session info: chrome=141.0.7390.108)
For documentation on this error, please visit: https://www.selenium.dev/documentation/webdriver/troubleshooting/errors#staleelementreferenceexception
Build info: version: &amp;apos;4.36.0&amp;apos;, revision: &amp;apos;6d115cfd87&amp;apos;
System info: os.name: &amp;apos;Windows 11&amp;apos;, os.arch: &amp;apos;amd64&amp;apos;, os.version: &amp;apos;10.0&amp;apos;, java.version: &amp;apos;21.0.7&amp;apos;
Driver info: org.openqa.selenium.remote.RemoteWebDriver
Command: [8d08210de0bb377ae38c2f5080da7bb3, sendKeysToElement {value=[Ljava.lang.CharSequence;@2418ba04, id=f.AC7A456BBA01E6B1416A468FFCDA2BA3.d.5720A86FE4F1123F9A779DB3BE1F1B7A.e.32}]
Capabilities {acceptInsecureCerts: false, browserName: chrome, browserVersion: 141.0.7390.108, chrome: {chromedriverVersion: 141.0.7390.122 (b477534e7e1..., userDataDir: C:\Users\2445083\AppData\Lo...}, fedcm:accounts: true, goog:chromeOptions: {debuggerAddress: localhost:57867}, networkConnectionEnabled: false, pageLoadStrategy: normal, platformName: Windows 11, proxy: Proxy(), se:bidiEnabled: false, se:cdp: ws://localhost:4444/session..., se:cdpVersion: 141.0.7390.108, setWindowRect: true, strictFileInteractability: false, timeouts: {implicit: 0, pageLoad: 300000, script: 30000}, unhandledPromptBehavior: dismiss and notify, webauthn:extension:credBlob: true, webauthn:extension:largeBlob: true, webauthn:extension:minPinLength: true, webauthn:extension:prf: true, webauthn:virtualAuthenticators: true}
Element: [[RemoteWebDriver: chrome on Windows 11 (8d08210de0bb377ae38c2f5080da7bb3)] -&amp;gt; id: search-autocomplete-input]
Session ID: 8d08210de0bb377ae38c2f5080da7bb3">
      <![CDATA[java.lang.AssertionError: Test failed due to exception: stale element reference: stale element not found
  (Session info: chrome=141.0.7390.108)
For documentation on this error, please visit: https://www.selenium.dev/documentation/webdriver/troubleshooting/errors#staleelementreferenceexception
Build info: version: '4.36.0', revision: '6d115cfd87'
System info: os.name: 'Windows 11', os.arch: 'amd64', os.version: '10.0', java.version: '21.0.7'
Driver info: org.openqa.selenium.remote.RemoteWebDriver
Command: [8d08210de0bb377ae38c2f5080da7bb3, sendKeysToElement {value=[Ljava.lang.CharSequence;@2418ba04, id=f.AC7A456BBA01E6B1416A468FFCDA2BA3.d.5720A86FE4F1123F9A779DB3BE1F1B7A.e.32}]
Capabilities {acceptInsecureCerts: false, browserName: chrome, browserVersion: 141.0.7390.108, chrome: {chromedriverVersion: 141.0.7390.122 (b477534e7e1..., userDataDir: C:\Users\2445083\AppData\Lo...}, fedcm:accounts: true, goog:chromeOptions: {debuggerAddress: localhost:57867}, networkConnectionEnabled: false, pageLoadStrategy: normal, platformName: Windows 11, proxy: Proxy(), se:bidiEnabled: false, se:cdp: ws://localhost:4444/session..., se:cdpVersion: 141.0.7390.108, setWindowRect: true, strictFileInteractability: false, timeouts: {implicit: 0, pageLoad: 300000, script: 30000}, unhandledPromptBehavior: dismiss and notify, webauthn:extension:credBlob: true, webauthn:extension:largeBlob: true, webauthn:extension:minPinLength: true, webauthn:extension:prf: true, webauthn:virtualAuthenticators: true}
Element: [[RemoteWebDriver: chrome on Windows 11 (8d08210de0bb377ae38c2f5080da7bb3)] -> id: search-autocomplete-input]
Session ID: 8d08210de0bb377ae38c2f5080da7bb3
at testCases.TC001_HomePageTest.testLanguageLearningDropdown(TC001_HomePageTest.java:86)
at java.base/java.util.ArrayList.forEach(ArrayList.java:1596)
... Removed 26 stack frames]]>
    </failure>
  </testcase> <!-- testLanguageLearningDropdown -->
  <testcase classname="testCases.TC002_ForCampusPageTest" name="testFormValidation" time="14.11"/>
</testsuite> <!-- Test -->
