<?xml version="1.0" encoding="UTF-8"?>
<!-- Generated by org.testng.reporters.JUnitXMLReporter -->
<testsuite ignored="0" hostname="LTIN648043" failures="0" tests="3" name="Test" time="65.307" errors="0" timestamp="2025-11-16T23:22:06 IST">
  <testcase classname="testCases.TC001_HomePageTest" name="testIdentifyCourses" time="10.888"/>
  <testcase classname="testCases.TC001_HomePageTest" name="testLanguageLearningDropdown" time="10.904"/>
  <testcase classname="testCases.TC002_ForCampusPageTest" name="testFormValidation" time="15.537"/>
</testsuite> <!-- Test -->
