<?xml version="1.0" encoding="UTF-8"?>
<!-- Generated by org.testng.reporters.JUnitXMLReporter -->
<testsuite ignored="0" hostname="LTIN648043" failures="1" tests="1" name="Test" time="35.962" errors="0" timestamp="2025-11-26T12:33:20 IST">
  <testcase classname="testCases.TC_Coursera" name="testIdentifyCourses" time="21.473">
    <failure type="java.lang.AssertionError" message="User is not on the campus page expected [Coursera for Campu] but found [Coursera for Campus]">
      <![CDATA[java.lang.AssertionError: User is not on the campus page expected [Coursera for Campu] but found [Coursera for Campus]
at testCases.TC_Coursera.testIdentifyCourses(TC_Coursera.java:94)
at java.base/java.util.ArrayList.forEach(ArrayList.java:1596)
... Removed 30 stack frames]]>
    </failure>
  </testcase> <!-- testIdentifyCourses -->
</testsuite> <!-- Test -->
