<?xml version="1.0" encoding="UTF-8"?>
<testng-results ignored="0" total="3" passed="3" failed="0" skipped="0">
  <reporter-output>
  </reporter-output>
  <suite started-at="2025-11-16T23:20:59 IST" name="Suite" finished-at="2025-11-16T23:22:05 IST" duration-ms="65307">
    <groups>
    </groups>
    <test started-at="2025-11-16T23:20:59 IST" name="Test" finished-at="2025-11-16T23:22:05 IST" duration-ms="65307">
      <class name="testCases.TC001_HomePageTest">
        <test-method is-config="true" signature="setUp(java.lang.String,java.lang.String)[pri:0, instance:testCases.TC001_HomePageTest@373ebf74]" started-at="2025-11-16T23:21:00 IST" name="setUp" finished-at="2025-11-16T23:21:05 IST" duration-ms="5326" status="PASS">
          <params>
            <param index="0">
              <value>
                <![CDATA[Windows]]>
              </value>
            </param>
            <param index="1">
              <value>
                <![CDATA[chrome]]>
              </value>
            </param>
          </params>
          <reporter-output>
          </reporter-output>
        </test-method> <!-- setUp -->
        <test-method signature="testIdentifyCourses()[pri:0, instance:testCases.TC001_HomePageTest@373ebf74]" started-at="2025-11-16T23:21:05 IST" name="testIdentifyCourses" finished-at="2025-11-16T23:21:16 IST" duration-ms="10888" status="PASS">
          <reporter-output>
          </reporter-output>
        </test-method> <!-- testIdentifyCourses -->
        <test-method is-config="true" signature="tearDown()[pri:0, instance:testCases.TC001_HomePageTest@373ebf74]" started-at="2025-11-16T23:21:16 IST" name="tearDown" finished-at="2025-11-16T23:21:19 IST" duration-ms="3673" status="PASS">
          <reporter-output>
          </reporter-output>
        </test-method> <!-- tearDown -->
        <test-method is-config="true" signature="setUp(java.lang.String,java.lang.String)[pri:0, instance:testCases.TC001_HomePageTest@373ebf74]" started-at="2025-11-16T23:21:19 IST" name="setUp" finished-at="2025-11-16T23:21:24 IST" duration-ms="4847" status="PASS">
          <params>
            <param index="0">
              <value>
                <![CDATA[Windows]]>
              </value>
            </param>
            <param index="1">
              <value>
                <![CDATA[chrome]]>
              </value>
            </param>
          </params>
          <reporter-output>
          </reporter-output>
        </test-method> <!-- setUp -->
        <test-method signature="testLanguageLearningDropdown()[pri:0, instance:testCases.TC001_HomePageTest@373ebf74]" started-at="2025-11-16T23:21:24 IST" name="testLanguageLearningDropdown" finished-at="2025-11-16T23:21:35 IST" duration-ms="10904" status="PASS">
          <reporter-output>
          </reporter-output>
        </test-method> <!-- testLanguageLearningDropdown -->
        <test-method is-config="true" signature="tearDown()[pri:0, instance:testCases.TC001_HomePageTest@373ebf74]" started-at="2025-11-16T23:21:35 IST" name="tearDown" finished-at="2025-11-16T23:21:39 IST" duration-ms="3758" status="PASS">
          <reporter-output>
          </reporter-output>
        </test-method> <!-- tearDown -->
      </class> <!-- testCases.TC001_HomePageTest -->
      <class name="testCases.TC002_ForCampusPageTest">
        <test-method is-config="true" signature="setUp(java.lang.String,java.lang.String)[pri:0, instance:testCases.TC002_ForCampusPageTest@7216fb24]" started-at="2025-11-16T23:21:39 IST" name="setUp" finished-at="2025-11-16T23:21:45 IST" duration-ms="5601" status="PASS">
          <params>
            <param index="0">
              <value>
                <![CDATA[Windows]]>
              </value>
            </param>
            <param index="1">
              <value>
                <![CDATA[chrome]]>
              </value>
            </param>
          </params>
          <reporter-output>
          </reporter-output>
        </test-method> <!-- setUp -->
        <test-method signature="testFormValidation()[pri:0, instance:testCases.TC002_ForCampusPageTest@7216fb24]" started-at="2025-11-16T23:21:45 IST" name="testFormValidation" finished-at="2025-11-16T23:22:00 IST" duration-ms="15537" status="PASS">
          <reporter-output>
          </reporter-output>
        </test-method> <!-- testFormValidation -->
        <test-method is-config="true" signature="tearDown()[pri:0, instance:testCases.TC002_ForCampusPageTest@7216fb24]" started-at="2025-11-16T23:22:00 IST" name="tearDown" finished-at="2025-11-16T23:22:05 IST" duration-ms="4544" status="PASS">
          <reporter-output>
          </reporter-output>
        </test-method> <!-- tearDown -->
      </class> <!-- testCases.TC002_ForCampusPageTest -->
    </test> <!-- Test -->
  </suite> <!-- Suite -->
</testng-results>
