<?xml version="1.0" encoding="UTF-8"?>
<testng-results ignored="0" total="1" passed="1" failed="0" skipped="0">
  <reporter-output>
  </reporter-output>
  <suite started-at="2025-11-25T14:51:26 IST" name="Suite" finished-at="2025-11-25T14:52:12 IST" duration-ms="46499">
    <groups>
    </groups>
    <test started-at="2025-11-25T14:51:26 IST" name="Test" finished-at="2025-11-25T14:52:12 IST" duration-ms="46499">
      <class name="testCases.TC_Coursera">
        <test-method is-config="true" signature="setUp(java.lang.String,java.lang.String)[pri:0, instance:testCases.TC_Coursera@3a3e78f]" started-at="2025-11-25T14:51:26 IST" name="setUp" finished-at="2025-11-25T14:51:36 IST" duration-ms="10067" status="PASS">
          <params>
            <param index="0">
              <value>
                <![CDATA[Windows]]>
              </value>
            </param>
            <param index="1">
              <value>
                <![CDATA[chrome]]>
              </value>
            </param>
          </params>
          <reporter-output>
          </reporter-output>
        </test-method> <!-- setUp -->
        <test-method signature="testIdentifyCourses()[pri:0, instance:testCases.TC_Coursera@3a3e78f]" started-at="2025-11-25T14:51:36 IST" name="testIdentifyCourses" finished-at="2025-11-25T14:52:07 IST" duration-ms="30645" status="PASS">
          <reporter-output>
          </reporter-output>
        </test-method> <!-- testIdentifyCourses -->
        <test-method is-config="true" signature="tearDown()[pri:0, instance:testCases.TC_Coursera@3a3e78f]" started-at="2025-11-25T14:52:07 IST" name="tearDown" finished-at="2025-11-25T14:52:12 IST" duration-ms="5490" status="PASS">
          <reporter-output>
          </reporter-output>
        </test-method> <!-- tearDown -->
      </class> <!-- testCases.TC_Coursera -->
    </test> <!-- Test -->
  </suite> <!-- Suite -->
</testng-results>
