<?xml version="1.0" encoding="UTF-8"?>
<!-- Generated by org.testng.reporters.JUnitReportReporter -->
<testsuite hostname="LTIN648043" failures="0" tests="2" name="testCases.TC001_HomePageTest" time="39.396" errors="0" timestamp="2025-11-16T23:22:07 IST" skipped="0">
  <testcase classname="testCases.TC001_HomePageTest" name="testIdentifyCourses" time="19.887"/>
  <testcase classname="testCases.TC001_HomePageTest" name="testLanguageLearningDropdown" time="19.509"/>
</testsuite> <!-- testCases.TC001_HomePageTest -->
