<?xml version="1.0" encoding="UTF-8"?>
<!-- Generated by org.testng.reporters.JUnitReportReporter -->
<testsuite hostname="LTIN648043" failures="0" tests="2" name="testCases.TC001_HomePageTest" time="39.049" errors="0" timestamp="2025-11-20T15:20:18 IST" skipped="0">
  <testcase classname="testCases.TC001_HomePageTest" name="testLanguageLearningDropdown" time="18.147"/>
  <testcase classname="testCases.TC001_HomePageTest" name="testIdentifyCourses" time="20.902"/>
</testsuite> <!-- testCases.TC001_HomePageTest -->
